android/build/intermediates/manifest_merge_blame_file/debug/manifest-merger-blame-debug-report.txt
1<?xml version="1.0" encoding="utf-8"?>
2<manifest xmlns:android="http://schemas.android.com/apk/res/android"
3    package="com.calendarevents" >
4
5    <uses-sdk
6        android:minSdkVersion="24"
6-->src\main\AndroidManifest.xml
7        android:targetSdkVersion="33" />
7-->src\main\AndroidManifest.xml
8
9    <uses-permission android:name="android.permission.WRITE_CALENDAR" />
9-->src\main\AndroidManifest.xml:4:5-73
9-->src\main\AndroidManifest.xml:4:22-70
10    <uses-permission android:name="android.permission.READ_CALENDAR" />
10-->src\main\AndroidManifest.xml:5:5-72
10-->src\main\AndroidManifest.xml:5:22-69
11
12</manifest>